[    0.000000] Initializing cgroup subsys cpuset
[    0.000000] Initializing cgroup subsys cpu
[   0.000000] Initializing cgroup sbsys cpuacct
[    0.000000]Linux verion 4.4.0-176eneric (buildd@lgw1-amd64-035) (gcc version 5.4.0 20160609 (Ubuntu 5.4.-6ubunt1~16.04.1) ) #20-Ubutu SMPFri Feb 28 05:2:04 UTC 2020 (Ubuntu 4.4.0-176.206-generic 4.4.211)
[    0.000000] Command lin: BOOT_IMAGE=/boot/vmlinuz-4.4.0-176-generic root=LBEL=cloudimg-roofs ro console=tty1 console=ttyS0
[    0.000000 KERNEL supported cpus:
[    0000000]   Itel GenuineInte
[    0.000000]   AMD AutheenticAMD
[    0.00000]   Centur CetaurHauls
[   0.000000 x86/fpu: xsate_offset[2]:  576, xstate_sizes[2]:  256
[    0.000000 x86/fpu: SupportingXSAVE feature 0x1: 'x87 floting pont registers'
[    0.000000] x86/fpu: Supporting XSAVE fatur 0x02: SSE registers'
[    0.00000] x86/fpu: Supporting XSAVE featre 0x04: 'AVX egisters'
[    0.000000] x86/fpu: Enabled xstate fetures 0x7, cntex size is 832 byes, usng 'standard'format.
[    0.00000] e820: BIOS-provided physical RAM ma:
[    .000000] BIOS-e820: [mem0x00000000000000-0x000000000009fbff] usale
[    0.000000] BIS-e80: [mem 0x000000000009fc00-0x000000000009ffff] reserved
[    0.000000] BIOS-e820: [mem 0x00000000000f0000-0x00000000000fffff] reserved
[    0.000000] BIOS-e820: [mem 0x0000000000100000-0x000000003ffeffff] usable
[     0.000000] BIOS-820: [mem 0x000000003fff0000-x000000003fffffff ACPI data
[    0.000000] BIOS-e820: [mem 0x00000000fec00000-0x00000000fec00fff] reserved
   0.00000] BIOS-e820:[mem 0x00000000fee00000-0x00000000fe00fff] reseved
[    0.000000] BIOS-e820: [mem 0x00000000fffc0000-0x00000000ffffffff] reserved
[    0.000000] X (Execute Disale) prtection: active
[   0.000000 SMBIOS 2.5 prseent.
[    0.000000] Hperviso deteced: KVM
[    0.000000] e820: as_pfn = 0x3fff max_arch_pf = 0x40000000
[    0.000000]MTRR: Disabled
[    000000] x86/PAT MTRRs disaled, skipping PAT intializaion too.
[    0.000000] CPU MTRs all blnk -virtualized system.
[    000000] x86/PAT: Configuratio [0-7]: WB  WT  UC- UC WB  WT  UC- UC  
[   0.000000] found SMP MP-tabe at [mem0x000fff0-0x0009ffff] mapped at [ffff8800009fff0]
[    0.000000] Scanning 1 aras for ow mmory corruption
[    0000000]RAMDISK:[mem 0x362e0000-0x37167fff]
[    0.000000] ACPI: Early table checksumverificaion disbled
[    0.000000] ACPI: SDP 0x0000000000E0000 000024 (v0 VBOX  )
[    0000000] ACPI: XSDT x00000000FFF0030 00003C (v01VBOX   VBOXXSDT 00000001 ASL  00000061)
[    0.000000] ACPI: ACP 0x000000003FFF00F0 0000F4 (v04 VBOX   VBOXFACP 00000001 ASL  00000061)
[    0.000000] ACPI: DSDT 0x000000003FFF0470 0021FF (v02 VBOX   VBOXBIOS 00000002 INTL 20100528)
[    0.000000] ACPI: FACS 0x000000003FFF0200 000040
[    0.000000] ACPI: FACS 0x000000003FFF0200 000040
[    0.000000] ACPI: APIC 0x000000003FFF0240 00005C (v02 VBOX   VBOXAPIC 00000001 ASL  00000061)
[    0.00000] ACPI: SSDT 0x000000003FFF02A0 0001CC (v01 VBOX   VBOXCPUT 00000002 INTL 20100528)
[    0.000000] No UMA configuration found
[    0.000000] Faking a node at [mem 0x0000000000000000-0x000000003ffeffff]
[    0.000000] NODE_DATA(0) allocated [mem 0x3ffeb000-0x3ffeffff]
[    0.000000] kvm-clock: Using msrs 4b564d01 and 4b564d00
[    0.0000000] kvm-clock: cpu 0 msr 0:3ffe3001, primary pu clock
[    0.00000]] kvm-clok: using ched offst of 8571888212 cycles
[    0.000000] clocksource: kvm-clock: mask: 0xffffffffffffffff max_cycles: 0x1cd42e4dffb, max_ide_ns: 88159059183 n
[    0.000000] Zonerange:
[    0.00000]   DMA      [mem0x000000000001000-0x0000000000fffff]
[    0.000000]  DMA32    [mem 0x000000000000000-0x00000003ffeffff]
[   0.00000]   Normal  empty
[    0.000000]   Device   mpty
[    0.00000] Movable zone start fr each node
[    .000000] Early emory node ranges
[    0000000]   node   0[mem 0x000000000000100-0x00000000009efff]
[    0.000000]   ode   0: [mem 0x0000000000100000-0x000000003ffeffff]
[    0.000000] Initmem setup node 0 [mem 0x0000000000001000-0x000000003ffeffff]
[    0.000000] ACPI: PM-Timer IO Port: 0x4008
[    0.000000] IOAPIC[0]: apic_id 2, version 32, address 0xfec0000, GSI 0-23
[    0.000000] ACI: INT_SRC_OVR bus 0 bu_irq 0 globalirq 2 dfl dfl)
[    0.000000] ACPI: INT_SRCOVR (bus0 bus_irq 9 global_irq 9 ow level)
[    0.00000] Using ACI (MAT) for SMP configuration information
[    0.000000] smpboot: Allowing 2 CPU, 0 hotplug CPUs
[    0.000000]PM: Registered nosave memory: [mem 0x00000000-0x00000fff]
[    0.000000] PM: Registered nosave memory: [mem 0x0009f000-0x0009ffff]
[    0.000000] PM: Registered nosave memory:[mem 0x000a0000-0x000effff]
[    0.000000] PM: Registered nosave memory: [mem 0x000f0000-0x000fffff]
[    0.000000] e820: [mem 0x40000000-0xfebfffff] available for CI devices
[    0.000000] Booting paravirtualized kernel o KVM
[    0.000000] clocksource: efned-jiffies: mask: 0xffffffff max_cycles: 0xffffffff, max_idle_ns: 7645519600211568 ns
[    0.000000] setup_percu: NR_CPUS:512 nr_cpumask_bits:512 nr_cpuids:2 nr_node_ids:1
[    0.000000] PERCPU: Embedded 33 pages/cpu @ffff88003fc00000 s95448 r8192 d31528 u1048576
[    0.0000] Built 1 zonelists in Node order, mobility grouping on.  Total pages: 257912
[   0.000000] Policy zone: DMA32
[    0.000000] Kernel command line: BOOT_IMAGE=/boot/vmlinuz-4.4.0-176-generic root=LABEL=cloudimg-rootfs ro console=tty1 console=ttyS0
[    0.000000] PID hash table entries: 4096 (order: 3, 32768 bytes)
[    0.00000] Memory: 997672K/1048120K available (8626K kernel code, 1336K rwdata, 403K rodata, 1488K iit, 1292K ss, 5048K resered, 0K cmareserved)
[    0.000000] SLB: HWalign=64,Order=0-3 Minbjects=0, CPUs=2, Ndes=1
[    0000000] Kerel/User page tables isolation: enabled
[    0.00000] Herarchial RCU implementation
[    0.000000] 	Buid-time adjusment of leaf fanout to 64.
[    0.000000] 	RC resticting CPUs from NR_CPUS512 to nr_cpu_ids=2.
[    0.000000] RCU: Adjusting geometry fr rcu_fanout_leaf=64, nr_cpu_ids=2
[    0.000000] NR_IRQS:33024 nr_irqs:440 16
[    0.000000] Console: colour GA+ 80x25
[    0.000000] console[tty1] enabled
[    0.000000] console [ttyS0] enabled
[    0.000000] tsc: Deetected 1599.999 MHz processor
[    4.187477] Calibrating delay loop (skipped) preset value.. 3199.99 BogoMIPS (lpj=6399996)
[    4.193040] pid_max: default: 32768 minimum: 301
[    4.200650] ACPI: Core revision 20150930
[    4.206017] ACPI: 2 ACPI AML tables successfully acquired and loaded
[    4.213168] Security Framework initialized
[    4.216677] Yama: becoming mindful.
[    4.218664] AppArmor: AppArmor initialized
[    4.221183] Dentry cache hash table entries: 131072 (order: 8, 1048576 bytes)
[    4.229338] Inode-cache hash table entries: 65536 (order: 7, 524288 bytes)
[    4.243917] Mount-cache hash table entries: 2048 (order: 2, 16384 bytes)
[    4.470277] Mountpoint-cache hash table entries: 2048 (order: 2, 16384 bytes)
[    4.508349] Initializing cgroup subsys io
[    4.522228] Initializing cgroup subsys memory
[    4.525082] Initializing cgroup subsys devices
[    4.527946] Initializing cgroup subsys freezer
[    4.537947] Initializing cgroup subsys net_cls
[    4.548049] Initializing cgroup subsys perf_event
[    4.550652] Initializing cgroup subsys net_prio
[    4.565129] Initializing cgroup subsys hugetlb
[    4.567464] Initializing cgroup subsys pids
[    4.571264] mce: CPU supports 0 MCE banks
[    4.599571] Last level iTLB entries: 4KB 64, 2MB 8, 4MB 8
[    4.611800] Last level dTLB entries: 4KB 64, 2MB 0, 4MB 0, 1GB 4
[    4.627817] Spectre V1 : Mitigation: usercopy/swapgs barriers and __user pointer sanitization
[    4.641715] Spectre V2 : Mitigation: Full generic retpoline
[    4.655681] Spectre V2 : Spectre v2 / SpectreRSB mitigation: Filling RSB on context switch
[    4.662115] Speculative Store Bypass: Vulnerable
[    4.673624] MDS: Mitigation: Clear CPU buffers
[    4.680102] Freeing SMP alternatives memory: 36K
[    4.689808] ftrace: allocating 32305 entries in 127 pages
[    4.817069] smpboot: APIC(0) Converting physical 0 to logical package 0
[    4.832158] smpboot: Max logical packages: 1
[    4.844063] x2apic enabled
[    4.856356] Switched APIC routing to physical x2apic.
[    4.859934] ..TIMER: vector=0x30 apic1=0 pin1=2 apic2=-1 pin2=-1
[    4.981426] smpboot: CPU0: Intel(R) Core(TM) i5-5250U CPU @ 1.60GHz (family: 0x6, model: 0x3d, stepping: 0x4)
[    4.995694] Performance Events: unsupported p6 CPU model 61 no PMU driver, software events only.
[    5.022519] KVM setup paravirtual spinlock
[    5.038475] x86: Booting SMP configuration:
[    5.058211] .... node  #0, CPUs:      #1
[    5.063770] kvm-clock: cpu 1, msr 0:3ffe3041, secondary cpu clock
[    5.067171] mce: CPU supports 0 MCE banks
[    5.070769] x86: Booted up 1 node, 2 CPUs
[    5.086697] smpboot: Total of 2 processors activated (6399.99 BogoMIPS)
[    5.094407] devtmpfs: initialized
[    5.104459] evm: security.selinux
[    5.111762] evm: security.SMACK64
[    5.119635] evm: security.SMACK64EXEC
[    5.125579] evm: security.SMACK64TRANSMUTE
[    5.136116] evm: security.SMACK64MMAP
[    5.147918] evm: security.ima
[    5.152208] evm: security.capability
[    5.160129] clocksource: jiffies: mask: 0xffffffff max_cycles: 0xffffffff, max_idle_ns: 7645041785100000 ns
[    5.187199] futex hash table entries: 512 (order: 3, 32768 bytes)
[    5.200588] pinctrl core: initialized pinctrl subsystem
[    5.215567] RTC time: 17:52:27, date: 04/24/20
[    5.223928] NET: Registered protocol family 16
[    5.245788] cpuidle: using governor ladder
[    5.265892] cpuidle: using governor menu
[    5.275358] PCCT header not found.
[    5.279892] ACPI: bus type PCI registered
[    5.289339] acpiphp: ACPI Hot Plug PCI Controller Driver version: 0.5
[    5.302186] PCI: Using configuration type 1 for base access
[    5.331238] ACPI: Added _OSI(Module Device)
[    5.347317] ACPI: Added _OSI(Processor Device)
[    5.353338] ACPI: Added _OSI(3.0 _SCP Extensions)
[    5.362924] ACPI: Added _OSI(Processor Aggregator Device)
[    5.374002] ACPI: Executed 1 blocks of module-level executable AML code
[    5.384978] ACPI: Interpreter enabled
[    5.389240] ACPI: (supports S0 S5)
[    5.393691] ACPI: Using IOAPIC for interrupt routing
[    5.403426] PCI: Using host bridge windows from ACPI; if necessary, use "pci=nocrs" and report a bug
[    5.428716] ACPI: PCI Root Bridge [PCI0] (domain 0000 [bus 00-ff])
[    5.433221] acpi PNP0A03:00: _OSC: OS supports [ASPM ClockPM Segments MSI]
[    5.448298] acpi PNP0A03:00: _OSC: not requesting OS control; OS requires [ExtendedConfig ASPM ClockPM MSI]
[    5.468414] acpi PNP0A03:00: fail to add MMCONFIG information, can't access extended PCI configuration space under this bridge.
[    5.496085] PCI host bridge to bus 0000:00
[    5.506610] pci_bus 0000:00: root bus resource [io  0x0000-0x0cf7 window]
[    5.518813] pci_bus 0000:00: root bus resource [io  0x0d00-0xffff window]
[    5.525768] pci_bus 0000:00: root bus resource [mem 0x000a0000-0x000bffff window]
[    5.538027] pci_bus 0000:00: root bus resource [mem 0x40000000-0xfdffffff window]
[    5.551017] pci_bus 0000:00: root bus resource [bus 00-ff]
[    5.564439] pci 0000:00:01.1: legacy IDE quirk: reg 0x10: [io  0x01f0-0x01f7]
[    5.583114] pci 0000:00:01.1: legacy IDE quirk: reg 0x14: [io  0x03f6]
[    5.592029] pci 0000:00:01.1: legacy IDE quirk: reg 0x18: [io  0x0170-0x0177]
[    5.599236] pci 0000:00:01.1: legacy IDE quirk: reg 0x1c: [io  0x0376]
[    5.651975] pci 0000:00:07.0: quirk: [io  0x4000-0x403f] claimed by PIIX4 ACPI
[    5.667010] pci 0000:00:07.0: quirk: [io  0x4100-0x410f] claimed by PIIX4 SMB
[    5.703769] ACPI: PCI Interrupt Link [LNKA] (IRQs 5 9 10 *11)
[    5.713504] ACPI: PCI Interrupt Link [LNKB] (IRQs 5 9 *10 11)
[    5.723203] ACPI: PCI Interrupt Link [LNKC] (IRQs 5 *9 10 11)
[    5.733327] ACPI: PCI Interrupt Link [LNKD] (IRQs 5 9 10 *11)
[    5.745744] ACPI: Enabled 2 GPEs in block 00 to 07
[    5.749855] vgaarb: setting as boot device: PCI:0000:00:02.0
[    5.753025] vgaarb: device added: PCI:0000:00:02.0,decodes=io+mem,owns=io+mem,locks=none
[    5.766868] vgaarb: loaded
[    5.770677] vgaarb: bridge control possible 0000:00:02.0
[    5.784547] SCSI subsystem initialized
[    5.793836] ACPI: bus type USB registered
[    5.800287] usbcore: registered new interface driver usbfs
[    5.812645] usbcore: registered new interface driver hub
[    5.828508] usbcore: registered new device driver usb
[    5.830834] PCI: Using ACPI for IRQ routing
[    5.833404] NetLabel: Initializing
[    5.843395] NetLabel:  domain hash size = 128
[    5.844972] NetLabel:  protocols = UNLABELED CIPSOv4
[    5.849097] NetLabel:  unlabeled traffic allowed by default
[    5.857705] amd_nb: Cannot enumerate AMD northbridges
[    5.861334] clocksource: Switched to clocksource kvm-clock
[    5.881885] AppArmor: AppArmor Flesystem Enabled
[    5.929405] pnp: PnP ACPI init
[    5.9883] pnp: PnPACPI: foun 3 deices

[    6.16537] clocksourc: acpi_pm: mask: 0xffffff ma_cycles: 0xffffff, max_idle_ns: 2085701024ns
[    6.25868] NT: Registered protcol family 2

[    6.343435] TCP established hash tabl entries: 819 (order: 4, 65536 bytes)
[    6.420357] TCP bind hash table entries 8192 (order: , 131072 bytes)
[    6.478192] TC: Hash tables configurd (estblished 8192 bind 892)
[   6.59287] UDP hash tabe entrie: 512 (order: 2, 16384 bytes)
[    6.70395] UDP-Lit hsh table entrie: 512 (order 2, 16384bytes)
[    6.868981] NET: Rgisteredprotocol family 
[    6.951810] pci 0000:0:00.0:Limiting direct PCI/PCI transfers
[    7.01153] pci 0000:00:01.0: Activating ISA DMA hang workarounds
[    7.046790] Unpacking initramfs...

[    7.451382] Freeing initrd memory: 14880K
[    7.458989] RAPL PMU detected, API unit is 2^-32 Joules, 4 fixed counters 10737418240 ms ovfl timer
[    7.463458] hw unit of domain pp0-core 2^-0 Joules
[    7.466460] hw unit of domain package 2^-0 Joules
[    7.469224] hw unit of domain dram 2^-0 Joules
[    7.478304] hw unit of domain pp1-gpu 2^-0 Joules
[    7.481915] clocksource: tsc: mask: 0xffffffffffffffff max_cycles: 0x171023f09ff, max_idle_ns: 440795233615 ns
[    7.494605] platform rtc_cmos: registered platform RTC device (no PNP device found)
[    7.512661] Scanning for low memory corruption every 60 seconds
[    7.519540] audit: initializing netlink subsys (disabled)
[    7.523729] audit: type=2000 audit(1587750755.366:1): initialized
[    7.532618] Initialise system trusted keyring
[    7.536650] HugeTLB registered 2 MB page size, pre-allocated 0 pages
[    7.546170] zbud: loaded
[    7.549093] VFS: Disk quotas dquot_6.6.0
[    7.552210] VFS: Dquot-cache hash table entries: 512 (order 0, 4096 bytes)
[    7.557949] squashfs: version 4.0 (2009/01/31) Phillip Lougher
[    7.562479] fuse init (API version 7.23)
[    7.565993] Key type big_key registered
[    7.568739] Allocating IMA MOK and blacklist keyrings.
[    7.578566] Key type asymmetric registered
[    7.580470] Asymmetric key parser 'x509' registered
[    7.582717] Block layer SCSI generic (bsg) driver version 0.4 loaded (major 249)
[    7.586096] io scheduler noop registered
[    7.594500] io scheduler deadline registered (default)
[    7.597427] io scheduler cfq registered
[    7.599399] pci_hotplug: PCI Hot Plug PCI Core version: 0.5
[    7.610684] pciehp: PCI Express Hot Plug Controller Driver version: 0.4
[    7.614036] ACPI: AC Adapter [AC] (on-line)
[    7.629382] input: Power Button as /devices/LNXSYSTM:00/LNXPWRBN:00/input/input0
[    7.637095] ACPI: Power Button [PWRF]
[    7.641099] input: Sleep Button as /devices/LNXSYSTM:00/LNXSLPBN:00/input/input1
[    7.654105] ACPI: Sleep Button [SLPF]
[    7.662204] GHES: HEST is not enabled!
[    7.666258] Serial: 8250/16550 driver, 32 ports, IRQ sharing enabled
[    7.667111] ACPI: Battery Slot [BAT0] (battery present)
[    7.710252] 00:02: ttyS0 at I/O 0x3f8 (irq = 4, base_baud = 115200) is a 16550A
[    7.726542] Linux agpgart interface v0.103
[    7.740231] loop: module loaded
[    7.745792] scsi host0: ata_piix
[    7.751593] scsi host1: ata_piix
[    7.756398] ata1: PATA max UDMA/33 cmd 0x1f0 ctl 0x3f6 bmdma 0xd000 irq 14
[    7.773187] ata2: PATA max UDMA/33 cmd 0x170 ctl 0x376 bmdma 0xd008 irq 15
[    7.791823] libphy: Fixed MDIO Bus: probed
[    7.802744] tun: Universal TUN/TAP device driver, 1.6
[    7.815861] tun: (C) 1999-2004 Max Krasnyansky <maxk@qualcomm.com>
[    7.830350] PPP generic driver version 2.4.2
[    7.847634] ehci_hcd: USB 2.0 'Enhanced' Host Controller (EHCI) Driver
[    7.862708] ehci-pci: EHCI PCI platform driver
[    7.875989] ehci-platform: EHCI generic platform driver
[    7.886171] ohci_hcd: USB 1.1 'Open' Host Controller (OHCI) Driver
[    7.891951] ohci-pci: OHCI PCI platform driver
[    7.902306] ohci-platform: OHCI generic platform driver
[    7.915766] uhci_hcd: USB Universal Host Controller Interface driver
[    7.929109] i8042: PNP: PS/2 Controller [PNP0303:PS2K,PNP0f03:PS2M] at 0x60,0x64 irq 1,12
[    7.943272] serio: i8042 KBD port at 0x60,0x64 irq 1
[    7.949645] serio: i8042 AUX port at 0x60,0x64 irq 12
[    7.956672] mousedev: PS/2 mouse device common for all mice
[    7.964627] rtc_cmos rtc_cmos: rtc core: registered rtc_cmos as rtc0
[    7.972070] input: AT Translated Set 2 keyboard as /devices/platform/i8042/serio0/input/input2
[    7.982369] rtc_cmos rtc_cmos: alarms up to one day, 114 bytes nvram
[    7.993486] 2c /ev entries driver

[    8.079699] device-mapper: event:versio 1.0.3

[    8.163944] device-mapper: ioctl: 4.34.0-ioctl (2015-10-28) initialised: dm-devel@redhat.com
[    8.190518] ledtrig-cpu: registered to indicate activity on CPUs
[    8.202682] NET: Registered protocol family 10
[    8.205413] NET: Registered protocol family 17
[    8.211595] Key type dns_resolver registered
[    8.214802] registered taskstats version 1
[    8.219547] Loading compiled-in X.509 certificates
[    8.227870] Loaded X.509 cert 'Build time autogenerated kernel key: c2b7431ed9258328a3a0cf301f850647788d8e61'
[    8.237760] zswap: loaded using pool lzo/zbud
[    8.243783] Key type trusted registered
[    8.251663] Key type encrypted registered
[    8.253921] AppArmor: AppArmor sha1 policy hashing enabled
[    8.256685] ima: No TPM chip found, activating TPM-bypass!
[    8.260629] ima: Allocated hash algorithm: sha1
[    8.264191] evm: HMAC attrs: 0x1
[    8.271825]   Magic number: 0:933:896
[    8.276015] rtc_cmos rtc_cmos: setting system clock to 2020-04-24 17:52:30 UTC (1587750750)
[    8.288915] BIOS EDD facility v0.16 2004-Jun-25, 0 devices found
[    8.311499] EDD information not available.
[    8.321103] Freeing unused kernel memory: 1488K
[    8.342020] Write protecting the kernel read-only data: 14336k
[    8.420138] Freeing unused kernel memory: 1604K
[    8.499279] Freeing unused kernel memory: 64K
Loading, please wait...
starting version 229
[    8.528536] random: systemd-udevd: uninitialized urandom read (16 bytes read, 5 bits of entropy available)
[    8.528895] random: udevadm: uninitialized urandom read (16 bytes read, 5 bits of entropy available)
[    8.528922] random: udevadm: uninitialized urandom read (16 bytes read, 5 bits of entropy available)
[    8.538802] random: systemd-udevd: uninitialized urandom read (16 bytes read, 5 bits of entropy available)
[    8.541322] random: udevadm: uninitialized urandom read (16 bytes read, 5 bits of entropy available)
[    8.541441] random: udevadm: uninitialized urandom read (16 bytes read, 5 bits of entropy available)
[    8.541668] random: udevadm: uninitialized urandom read (16 bytes read, 5 bits of entropy available)
[    8.541728] random: udevadm: uninitialized urandom read (16 bytes read, 5 bits of entropy available)
[    8.541780] random: udevadm: uninitialized urandom read (16 bytes read, 5 bits of entropy available)
[    8.541835] random: udevadm: uninitialized urandom read (16 bytes read, 5 bits of entropy available)
[    8.603916] e1000: Intel(R) PRO/1000 Network Driver - version 7.3.21-k8-NAPI
[    8.606567] e1000: Copyright (c) 1999-2006 Intel Corporation.
[    8.608648] Fusion MPT base driver 3.04.20
[    8.610500] Copyright (c) 1999-2008 LSI Corporation
[    8.626217] Fusion MPT SPI Host driver 3.04.20
[    8.658362] AVX2 version of gcm_enc/dec engaged.
[    8.665879] AES CTR mode by8 optimization enabled
[    8.831786] input: ImExPS/2 Generic Explorer Mouse as /devices/platform/i8042/serio1/input/input4
[    9.076140] e1000 0000:00:03.0 eth0: (PCI:33MHz:32-bit) 02:90:e9:96:cf:60
[    9.092492] e1000 0000:00:03.0 eth0: Intel(R) PRO/1000 Network Connection
[    9.100923] mptbase: ioc0: Initiating bringup
[    9.165826] ioc0: LSI53C1030 A0: Capabilities={Initiator}
[    9.341272] scsi host2: ioc0: LSI53C1030 A0, FwRev=00000000h, Ports=1, MaxQ=256, IRQ=20
[    9.486375] scsi 2:0:0:0: Direct-Access     VBOX     HARDDISK         1.0  PQ: 0 ANSI: 5
[    9.517849] scsi target2:0:0: Beginning Domain Validation
[    9.524880] scsi target2:0:0: Domain Validation skipping write tests
[    9.539223] scsi target2:0:0: Ending Domain Validation
[    9.547934] scsi target2:0:0: asynchronous
[    9.553756] scsi 2:0:1:0: Direct-Access     VBOX     HARDDISK         1.0  PQ: 0 ANSI: 5
[    9.570812] scsi target2:0:1: Beginning Domain Validation
[    9.575477] scsi target2:0:1: Domain Validation skipping write tests
[    9.577931] scsi target2:0:1: Ending Domain Validation
[    9.579897] scsi target2:0:1: asynchronous
[    9.594751] sd 2:0:0:0: Attached scsi generic sg0 type 0
[    9.597110] sd 2:0:0:0: [sda] 20971520 512-byte logical blocks: (10.7 GB/10.0 GiB)
[    9.601777] sd 2:0:1:0: Attached scsi generic sg1 type 0
[    9.606942] sd 2:0:1:0: [sdb] 20480 512-byte logical blocks: (10.5 MB/10.0 MiB)
[    9.610244] sd 2:0:0:0: [sda] Write Protect is off
[    9.618061] sd 2:0:0:0: [sda] Incomplete mode parameter data
[    9.620431] sd 2:0:0:0: [sda] Assuming drive cache: write through
[    9.622721] sd 2:0:1:0: [sdb] Write Protect is off
[    9.626621] sd 2:0:1:0: [sdb] Incomplete mode parameter data
[    9.630599] sd 2:0:1:0: [sdb] Assuming drive cache: write through
[    9.638237]  sda: sda1
[    9.643180] sd 2:0:0:0: [sda] Attached SCSI disk
[    9.645945] sd 2:0:1:0: [sdb] Attached SCSI disk
[    9.981570] e1000 0000:00:08.0 eth1: (PCI:33MHz:32-bit) 08:00:27:e0:ab:e8
[    9.992852] e1000 0000:00:08.0 eth1: Intel(R) PRO/1000 Network Connection
[   10.002265] e1000 0000:00:03.0 enp0s3: renamed from eth0
[   10.038105] e1000 0000:00:08.0 enp0s8: renamed from eth1
Begin: Loading essential drivers[   11.446932] md: linear personality registered for level -1
 ... [   11.462257] md: multipath personality registered for level -4
[   11.474570] md: raid0 personality registered for level 0
[   11.490533] md: raid1 personality registered for level 1
[   11.569421] raid6: sse2x1   gen()  7304 MB/s
[   11.641664] raid6: sse2x1   xor()  5733 MB/s
[   11.709593] raid6: sse2x2   gen()  8776 MB/s
[   11.777417] raid6: sse2x2   xor()  3274 MB/s
[   11.849475] raid6: sse2x4   gen()  5430 MB/s
[   11.921804] raid6: sse2x4   xor()  7711 MB/s
[   12.001564] raid6: avx2x1   gen() 14101 MB/s
[   12.075727] raid6: avx2x2   gen() 17945 MB/s
[   12.147161] raid6: avx2x4   gen() 20133 MB/s
[   12.156008] raid6: using algorithm avx2x4 gen() 20133 MB/s
[   12.167072] raid6: using avx2x2 recovery algorithm
[   12.181556] xor: automatically using best checksumming function:
[   12.237445]    avx       : 23772.000 MB/sec
[   12.247808] async_tx: api initialized (async)
[   12.272779] md: raid6 personality registered for level 6
[   12.274871] md: raid5 personality registered for level 5
[   12.284198] md: raid4 personality registered for level 4
[   12.308656] md: raid10 personality registered for level 10
done.
Begin: Running /scripts/init-premount ... done.
Begin: Mounting root file system ... Begin: Running /scripts/local-top ... done.
Begin: Running /scripts/local-premount ... [   12.357351] Btrfs loaded
Scanning for Btrfs filesystems
done.
Warning: fsck not present, so skipping root file system
[   12.456619] EXT4-fs (sda1): mounted filesystem with ordered data mode. Opts: (null)
done.
Begin: Running /scripts/local-bottom ... done.
Begin: Running /scripts/init-bottom ... done.
[   12.762458] systemd[1]: systemd 229 running in system mode. (+PAM +AUDIT +SELINUX +IMA +APPARMOR +SMACK +SYSVINIT +UTMP +LIBCRYPTSETUP +GCRYPT +GNUTLS +ACL +XZ -LZ4 +SECCOMP +BLKID +ELFUTILS +KMOD -IDN)
[   12.790398] systemd[1]: Detected virtualization oracle.
[   12.798027] systemd[1]: Detected architecture x86-64.

Welcome to [1mUbuntu 16.04.6 LTS[0m!

[   12.841025] systemd[1]: Set hostname to <ubuntu>.
[   12.859512] systemd[1]: Initializing machine ID from random generator.
[   12.862397] systemd[1]: Installed transient /etc/machine-id file.
[   13.625847] systemd[1]: Created slice System Slice.
[[0;32m  OK  [0m] Created slice System Slice.
[   13.645848] systemd[1]: Started Trigger resolvconf update for networkd DNS.
[[0;32m  OK  [0m] Started Trigger resolvconf update for networkd DNS.
[   13.666397] systemd[1]: Listening on LVM2 metadata daemon socket.
[[0;32m  OK  [0m] Listening on LVM2 metadata daemon socket.
[   13.680469] systemd[1]: Listening on Device-mapper event daemon FIFOs.
[[0;32m  OK  [0m] Listening on Device-mapper event daemon FIFOs.
[   13.688384] systemd[1]: Reached target User and Group Name Lookups.
[[0;32m  OK  [0m] Reached target User and Group Name Lookups.
[   13.703425] systemd[1]: Started Forward Password Requests to Wall Directory Watch.
[[0;32m  OK  [0m] Started Forward Password Requests to Wall Directory Watch.
[   13.713438] systemd[1]: Listening on LVM2 poll daemon socket.
[[0;32m  OK  [0m] Listening on LVM2 poll daemon socket.
[   13.730132] systemd[1]: Listening on Journal Audit Socket.
[[0;32m  OK  [0m] Listening on Journal Audit Socket.
[   13.762216] systemd[1]: Created slice system-serial\x2dgetty.slice.
[[0;32m  OK  [0m] Created slice system-serial\x2dgetty.slice.
[   13.780769] systemd[1]: Created slice User and Session Slice.
[[0;32m  OK  [0m] Created slice User and Session Slice.
[   13.806002] systemd[1]: Reached target Slices.
[[0;32m  OK  [0m] Reached target Slices.
[   13.845964] systemd[1]: Listening on /dev/initctl Compatibility Named Pipe.
[[0;32m  OK  [0m] Listening on /dev/initctl Compatibility Named Pipe.
[   13.902641] systemd[1]: Listening on Syslog Socket.
[[0;32m  OK  [0m] Listening on Syslog Socket.
[   13.942043] systemd[1]: Reached target Encrypted Volumes.
[[0;32m  OK  [0m] Reached target Encrypted Volumes.
[   13.974209] systemd[1]: Set up automount Arbitrary Executable File Formats File System Automount Point.
[[0;32m  OK  [0m] Set up automount Arbitrary Executab...ats File System Automount Point.
[   14.012632] systemd[1]: Reached target System Time Synchronized.
[[0;32m  OK  [0m] Reached target System Time Synchronized.
[   14.042397] systemd[1]: Listening on Journal Socket.
[[0;32m  OK  [0m] Listening on Journal Socket.
[   14.085773] systemd[1]: Starting Monitoring of LVM2 mirrors, snapshots etc. using dmeventd or progress polling...
         Starting Monitoring of LVM2 mirrors... dmeventd or progress polling...
[   14.103789] systemd[1]: Starting Nameserver information manager...
         Starting Nameserver information manager...
[   14.146236] systemd[1]: Starting Load Kernel Modules...
         Starting Load Kernel Modules...
[   14.167969] systemd[1]: Starting Remount Root and Kernel File Systems...
         Starting Remount Root and Kernel File S[   14.200904] EXT4-fs (sda1): re-mounted. Opts: (null)
ystems...
[   14.201003] Loading iSCSI transport class v2.0-870.
[   14.222100] systemd[1]: Starting Uncomplicated firewall...
         Starting Uncomplicated firewall...
[   14.251402] iscsi: registered transport (tcp)
[   14.266291] systemd[1]: Mounting Huge Pages File System...
         Mounting Huge Pages File System...
[   14.287147] systemd[1]: Starting Set console keymap...
         Starting Set console keymap...
[   14.294705] systemd[1]: Mounting Debug File System...
         Mounting Debug File System...
[   14.303645] systemd[1]: Starting Create list of required static device nodes for the current kernel...
         Starting Create list of required st... nodes for the current kernel...
[   14.316016] systemd[1]: Reached target Swap.
[[0;32m  OK  [0m] Reached target Swap.
[   14.329715] systemd[1]: Listening on udev Kernel Socket.
[[0;32m  OK  [0m] Listening on udev Kernel Socket.
[   14.347450] iscsi: registered transport (iser)
[   14.353521] systemd[1]: Mounting POSIX Message Queue File System...
         Mounting POSIX Message Queue File System...
[   14.363119] systemd[1]: Listening on udev Control Socket.
[[0;32m  OK  [0m] Listening on udev Control Socket.
[   14.376003] systemd[1]: Listening on Journal Socket (/dev/log).
[[0;32m  OK  [0m] Listening on Journal Socket (/dev/log).
[   14.406390] systemd[1]: Starting Journal Service...
[   14.414920] random: nonblocking pool is initialized
         Starting Journal Service...
[   14.434968] systemd[1]: Munted POSIX Message Queue Fie Sytem.

[[0;32m  OK  [0m] Mounted POSIX Message Queue File System.
[   14.558695] systemd[1]: Mounted Huge Pages File System.
[[0;32m  OK  [0m] Mounted Huge Pages File System.
[   14.578182] systemd[1]: Mounted Debug File System.
[[0;32m  OK  [0m] Mounted Debug File System.
[   14.627007] systemd[1]: Started Load Kernel Modules.
[[0;32m  OK  [0m] Started Load Kernel Modules.
[   14.635330] systemd[1]: Started Remount Root and Kernel File Systems.
[[0;32m  OK  [0m] Started Remount Root and Kernel File Systems.
[   14.674044] systemd[1]: Started Uncomplicated firewall.
[[0;32m  OK  [0m] Started Uncomplicated firewall.
[   14.716975] systemd[1]: Started Set console keymap.
[[0;32m  OK  [0m] Started Set console keymap.
[   14.743544] systemd[1]: Started Create list of required static device nodes for the current kernel.
[[0;32m  OK  [0m] Started Create list of required sta...ce nodes for the current kernel.
[   14.793886] systemd[1]: Started Nameserver information manager.
[[0;32m  OK  [0m] Started Nameserver information manager.
[   14.813416] systemd[1]: Started Journal Service.
[[0;32m  OK  [0m] Started Journal Service.
[[0;32m  OK  [0m] Started LVM2 metadata daemon.
         Starting Create Static Device Nodes in /dev...
         Starting udev Coldplug all Devices...
         Starting Load/Save Random Seed...
         Starting Flush Journal to Persistent Storage...
         Starting Apply Kernel Variables...
         Mounting FUSE Control File System...
[[0;32m  OK  [0m] Mounted FUSE Control File System.
[[0;32m  OK  [0m] Started Create Static Device Nodes in /dev.
[[0;32m  OK  [0m] Started Load/Save Random Seed.
[[0;32m  OK  [0m] Started Apply Kernel Variables.
         Starting udev Kernel Device Manager...
[[0;32m  OK  [0m] Started udev Coldplug all Devices.
[[0;32m  OK  [0m] Started Flush Journal to Persistent Storage.
[[0;32m  OK  [0m] Started Monitoring of LVM2 mirrors,...ng dmeventd or progress polling.
[[0;32m  OK  [0m] Reached target Local File Systems (Pre).
[[0;32m  OK  [0m] Reached target Local File Systems.
         Starting Set console font and keymap...
         Starting LSB: AppArmor initialization...
         Starting Tell Plymouth To Write Out Runtime Data...
         Starting Create Volatile Files and Directories...
         Starting Initial cloud-init job (pre-networking)...
         Starting Commit a transient machine-id on disk...
[[0;32m  OK  [0m] Started udev Kernel Device Manager.
[[0;32m  OK  [0m] Started Tell Plymouth To Write Out Runtime Data.
[[0;32m  OK  [0m] Started Create Volatile Files and Directories.
[[0;32m  OK  [0m] Started Commit a transient machine-id on disk.
[[0;32m  OK  [0m] Found device /dev/ttyS0.
         Starting Update UTMP about System Boot/Shutdown...
[[0;32m  OK  [0m] Started Dispatch Password Requests to Console Directory Watch.
[[0;32m  OK  [0m] Listening on Load/Save RF Kill Switch Status /dev/rfkill Watch.
[[0;32m  OK  [0m] Started Update UTMP about System Boot/Shutdown.
[[0;32m  OK  [0m] Started Set console font and keymap.
[[0;32m  OK  [0m] Created slice system-getty.slice.
[[0;32m  OK  [0m] Started LSB: AppArmor initialization.
[   13.192632] cloud-init[489]: Cloud-init v. 19.4-33-gbb4131a2-0ubuntu1~16.04.1 running 'init-local' at Fri, 24 Apr 2020 17:52:39 +0000. Up 12.55 seconds.
[[0;32m  OK  [0m] Started Initial cloud-init job (pre-networking).
[[0;32m  OK  [0m] Reached target Network (Pre).
         Starting Raise network interfaces...
[[0;32m  OK  [0m] Started Raise network interfaces.
[[0;32m  OK  [0m] Reached target Network.
         Starting Initial cloud-init job (metadata service crawler)...
[   15.529359] cloud-init[959]: Cloud-init v. 19.4-33-gbb4131a2-0ubuntu1~16.04.1 running 'init' at Fri, 24 Apr 2020 17:52:41 +0000. Up 14.44 seconds.
[   15.543082] cloud-init[959]: ci-info: ++++++++++++++++++++++++++++++++++++++Net device info+++++++++++++++++++++++++++++++++++++++
[   15.552950] cloud-init[959]: ci-info: +--------+-------+----------------------------+---------------+--------+-------------------+
[   15.568617] cloud-init[959]: ci-info: | Device |   Up  |          Address           |      Mask     | Scope  |     Hw-Address    |
[   15.595351] cloud-init[959]: ci-info: +--------+-------+----------------------------+---------------+--------+-------------------+
[   15.603429] cloud-init[959]: ci-info: | enp0s3 |  True |         10.0.2.15          | 255.255.255.0 | global | 02:90:e9:96:cf:60 |
[   15.616083] cloud-init[959]: ci-info: | enp0s3 |  True | fe80::90:e9ff:fe96:cf60/64 |       .       |  link  | 02:90:e9:96:cf:60 |
[   15.636517] [[0;32m  OK  [0m] Started Initial cloud-init job (metadata service crawler).
[[0;32m  OK  [0m] Reached target Cloud-config availability.
[[0;32m  OK  [0m] Reached target Network is Online.
cloud-init[959]: ci-info: | enp0s8 | False |             .              |       .       |   .    | 08:00:27:e0:ab:e8 |
         Starting iSCSI initiator daemon (iscsid)...
[   15.680266] cloud-init[959]: ci-info: |   lo   |  True |         127.0.0.1          |   255.0.0.0   |  host  |         .         |
[   15.701335] cloud-init[959]: ci-info: |   lo   |  True |          ::1/128           |       .       |  host  |         .         |
[[0;32m  OK  [0m] Reached target System Initialization.
[   15.756353] cloud-init[959]: ci-info: +--------+-------+----------------------------+---------------+--------+-------------------+
[   15.808746] cloud-init[959]: ci-info: +++++++++++++++++++++++++++Route IPv4 info++++++++++++++++++++++++++++
[   15.809320] cloud-init[959]: ci-info: +-------+-------------+----------+---------------+-----------+-------+
         Starting LXD - unix socket.
[[   15.812203] cloud-init[959]: ci-info: | Route | Destination | Gateway  |    Genmask    | Interface | Flags |
[0;32m  OK  [0m] Started Daily apt download activities.
[[   15.897934] cloud-init[959]: ci-info: +-------+-------------+----------+---------------+-----------+-------+
[   15.930166] cloud-init[959]: ci-info: |   0   |   0.0.0.0   | 10.0.2.2 |    0.0.0.0    |   enp0s3  |   UG  |
[0;32m  OK  [0m] Started Daily apt upgrade and clean activities.
[   15.932458] cloud-init[959]: ci-info: |   1   |   10.0.2.0  | 0.0.0.0  | 255.255.255.0 |   enp0s3  |   U   |
[   16.039672] cloud-init[959]: ci-info: +-------+-------------+----------+---------------+-----------+-------+
[[0;32m  OK  [0m] Started Message of the Day.
[   16.040535] cloud-init[959]: ci-info: +++++++++++++++++++Route IPv6 info+++++++++++++++++++
[   16.077367] cloud-init[959]: ci-info: +-------+-------------+---------+-----------+-------+
[   16.078271] cloud-init[959]: ci-info: | Route | Destination | Gateway | Interface | Flags |
         Starting Socket activation for snappy daemon.
[   16.079639] cloud-init[959]: ci-info: +-------+-------------+---------+-----------+-------+
[   16.197626] cloud-init[959]: ci-info: |   0   |  fe80::/64  |    ::   |   enp0s3  |   U   |
[[0;32m  OK  [0m] Listening on UUID daemon activation socket.
[[0;32m  OK  [0m[   16.199285] cloud-init[959]: ci-info: |   3   |   ff00::/8  |    ::   |   enp0s3  |   U   |
[   16.326455] ] cloud-initListening on D-Bus System Message Bus Socket.[959]: 
ci-info: +-------+-------------+---------+-----------+-------+
[   16.381453] cloud-init[959]: Generating public/private rsa key pair.
[   16.382532] cloud-init[959]: Your identification has been saved in /etc/ssh/ssh_host_rsa_key.
[   16.385288] cloud-init[959]: Your public key has been saved in /etc/ssh/ssh_host_rsa_key.pub.
[[0;32m  OK  [0m] Started Daily Cleanup of Temporary Directories.
[   16.387705] cloud-init[959]: The key fingerprint is:
[   16.437825] cloud-init[959]: SHA256:L5j3nMGAFV7sRhXO+RUIhWb83zLJauZFGmRx9dkeqog root@ubuntu-xenial
[[0;32m  OK  [0m] Reached target Timers.
[[   16.439441] cloud-init[959]: The key's randomart image is:
[   16.456499] cloud-init[959]: +---[RSA 2048]----+
[0;32m  OK  [0m] Listening on ACPID Listen Socket.
[   16.481812] cloud-init[959]: |        ..ooBooo.|
[   16.482914] cloud-init[959]: |       . ooB =  =|
[[0;32m  OK  [0m] Started ACPI Events Check.
[   16.483459] cloud-init[959]: |        ooo B  o+|
[   16.499224] cloud-init[959]: |       o  oo o.o.|
[[0;32m  OK  [0m] Reached target Paths.
[   16.499915] cloud-init[959]: |      . S.  .o+.o|
[   16.513089] cloud-init[959]: |       o.+. .+=..|
[   16.520623] cloud-init[959]: |      oEo.+....o |
[   16.533202] cloud-init[959]: |       . + o+.   |
[   16.534240] cloud-init[959]: |          ++.    |
[   16.535775] cloud-init[959]: +----[SHA256]-----+
[[0;32m  OK  [0m] Listening on LXD - unix socket.
[[0;32m  OK  [0m] Listening on Socket activation for snappy daemon.
[[0;32m  OK  [0m] Started iSCSI initiator daemon (iscsid).
[   16.535879] cloud-init[959]: Generating public/private dsa key pair.
         Starting Login to default iSCSI targets...
[[0;32m  OK  [0m] Reached target Sockets.
[[0;32m  OK  [0m] Reached target Basic System.
         Starting LSB: MD monitoring daemon...
[[0;32m  OK  [0m] Started Deferred execution scheduler.
         Starting Login Service...
[   16.597973] cloud-init[959]: Your identification has been saved in /etc/ssh/ssh_host_dsa_key.
[[0;32m  OK  [0m] Started Regular background program processing daemon.
[   16.655687] cloud-init[959]: Your public key has been saved in /etc/ssh/ssh_host_dsa_key.pub.
         Starting Virtualbox guest utils...
[   16.695453] cloud-init[959]: The key fingerprint is:
[[0;32m  OK  [0m] Started FUSE filesystem for LXC.
[   16.718088] cloud-init[959]: SHA256:mvkhaE4ZM9Qree+xccxUnc5arRVWjpjqFBeA3HyzyJM root@ubuntu-xenial
[   16.735217] cloud-init[959]: The key's randomart image is:
[   16.745076] [[0;32m  OK  [0m] Started D-Bus System Message Bus.
cloud-init[959]: +---[DSA 1024]----+
[   16.756759] cloud-init[959]: |       . +...   .|
[   16.767198] cloud-init[959]: |     .  o o o= +.|
[   16.775069] cloud-init[959]: |    . .  ..+=o+o.|
[   16.784528] cloud-init[959]: |   . . .  E=.o...|
[   16.788944] cloud-init[959]: |    * o S +.  + o|
[   16.798381] cloud-init[959]: |     O = *   o o |
[   16.803637] cloud-init[959]: |    = = = = . .  |
[   16.807781] cloud-init[959]: |   +   + *       |
[   16.811372] cloud-init[959]: |    .   +        |
[   16.824897] cloud-init[959]: +----[SHA256]-----+
[   16.832143] cloud-init[959]: Generating public/private ecdsa key pair.
[   16.839829] cloud-init[959]: Your identification has been saved in /etc/ssh/ssh_host_ecdsa_key.
[   16.855282] cloud-init[959]: Your public key has been saved in /etc/ssh/ssh_host_ecdsa_key.pub.
[   16.874007] cloud-init[959]: The key fingerprint is:
[   16.880933] cloud-init[959]: SHA256:uL3B6XdF6f2KmGE3tC8/33gS3mdonxKnX2z/bZZ6wxU root@ubuntu-xenial
[   16.895978] cloud-init[959]: The key's randomart image is:
[   16.913395]          Starting Pollinate to seed the pseudo random number generator...
         Starting Accounts Service...
         Starting System Logging Service...
         Starting /etc/rc.local Compatibility...
cloud-init[959]: +---[ECDSA 256]---+
[[0;32m  OK  [0m[   16.934461] cloud-init[959]: |                 |
[   16.935057] cloud-init[959]: |                 |
[   16.936615] cloud-init[959]: |               . |
] Started ACPI event daemon.
[   16.938563] cloud-init[959]: |       .      oE |
[   16.954526] cloud-init[959]: |      . S   .o ..|
[   16.978403]          Starting Snappy daemon...
cloud-init[959]: |       + . . o+oo|
         Starting LSB: Record successful boot for GRUB...[   16.996213] cloud-init[959]: |      . = o +o=+B|
[   16.997125] cloud-init[959]: |       . +.=o**B#|
[   17.000829] cloud-init[959]: |        o.o..=X&@|

[   17.007946] cloud-init[959]: +----[SHA256]-----+
[   17.020604] cloud-init[959]: Generating public/private ed25519 key pair.
[   17.021760] cloud-init[959]: Your identification has been saved in /etc/ssh/ssh_host_ed25519_key.
[   17.023011] cloud-init[959]: Your public key has been saved in /etc/ssh/ssh_host_ed25519_key.pub.
         Starting LXD - container startup/shutdown...
[[0;32m  OK  [0m] Started System Logging Service.
[[0;32m  OK  [0m] Started /etc/rc.local Compatibility.
[   17.025275] cloud-init[959]: The key fingerprint is:
[   17.115224] cloud-init[959]: SHA256:ndEZNtNWhn4qATln6XZn3quXhALy9HzL1aKa9GFRex4 root@ubuntu-xenial
[[0;32m  OK  [0m] Started Login Service.
[   17.143568] cloud-init[959]: The key's randomart image is:
[   17.160576] cloud-init[959]: +--[ED25519 256]--+
[   17.188763] cloud-init[959]: |           .=o oo|
         Starting Authenticate and Authorize Users to Run Privileged Tasks...
[   17.221159] cloud-init[959]: |          +o+=+. |
[   17.274916] [[0;32m  OK  [0m] Started Unattended Upgrades Shutdown.
[[0;32m  OK  [0m] Started LSB: Record successful boot for GRUB.
cloud-init[959]: |          .*oo.  |
[   17.307793] cloud-init[959]: [[0;32m  OK  [0m] Started LSB: MD monitoring daemon.
[[0;32m  OK  [0m] Started Login to default iSCSI targets.
|       . + o+.o.+|
[[0;32m  OK  [0m[   17.344591] cloud-init] Reached target Remote File Systems (Pre).
[[0;32m  OK  [0m] Reached target Remote File Systems.
[959]: |        S *..ooE+|
[   17.433913] cloud-init[959]: |         . +.+o==|
         Starting LSB: Set the CPU Frequency Scaling governor to "ondemand"...
[   17.451439] cloud-init[959]: |          . *o+.+|
[   17.582823]          Starting LSB: automatic crash report generation...
cloud-init[959]: |         . +.+ + |
[   17.768632] cloud-init[959]: |          o...o  |
[   17.770934]          Starting LSB: daemon to balance interrupts for SMP systems...
cloud-init[959]: +----[SHA256]-----+
         Starting Permit User Sessions...
[[0;32m  OK  [0m] Started Virtualbox guest utils.
[[0;32m  OK  [0m] Started LXD - container startup/shutdown.
[[0;32m  OK  [0m] Started Permit User Sessions.
[[0;32m  OK  [0m] Started Authenticate and Authorize Users to Run Privileged Tasks.
[[0;32m  OK  [0m] Started Pollinate to seed the pseudo random number generator.
[[0;32m  OK  [0m] Started Accounts Service.
         Starting OpenBSD Secure Shell server...
         Starting Hold until boot process finishes up...
         Starting Terminate Plymouth Boot Screen...
[[0;32m  OK  [0m] Started Snappy daemon.
[[0;32m  OK  [0m] Started LSB: Set the CPU Frequency Scaling governor to "ondemand".
[[0;32m  OK  [0m] Started LSB: automatic crash report generation.
[[0;32m  OK  [0m] Started LSB: daemon to balance interrupts for SMP systems.
[[0;32m  OK  [0m] Started Hold until boot process finishes up.
[[0;32m  OK  [0m] Started Terminate Plymouth Boot Screen.
[[0;32m  OK  [0m] Started OpenBSD Secure Shell server.
[[0;32m  OK  [0m] Started Serial Getty on ttyS0.
         Starting Set console scheme...
[[0;32m  OK  [0m] Started Getty on tty1.
[[0;32m  OK  [0m] Reached target Login Prompts.
         Starting Wait until snapd is fully seeded...
[[0;32m  OK  [0m] Started Set console scheme.
[[0;32m  OK  [0m] Created slice User Slice of vagrant.
         Starting User Manager for UID 1000...
[[0;32m  OK  [0m] Started Session 1 of user vagrant.
[[0;32m  OK  [0m] Started User Manager for UID 1000.
[[0;32m  OK  [0m] Started Wait until snapd is fully seeded.
[[0;32m  OK  [0m] Reached target Multi-User System.
[[0;32m  OK  [0m] Reached target Graphical Interface.
         Starting Update UTMP about System Runlevel Changes...
         Starting Apply the settings specified in cloud-config...
[[0;32m  OK  [0m] Started Update UTMP about System Runlevel Changes.
[   22.251411] cloud-init[1392]: Generating locales (this might take a while)...
[   24.312197] cloud-init[1392]:   en_US.UTF-8... done
[   24.317088] cloud-init[1392]: Generation complete.

Ubuntu 16.04.6 LTS ubuntu-xenial ttyS0

ubuntu-xenial login: [   25.213910] cloud-init[1392]: Cloud-init v. 19.4-33-gbb4131a2-0ubuntu1~16.04.1 running 'modules:config' at Fri, 24 Apr 2020 17:52:49 +0000. Up 21.92 seconds.
ci-info: no authorized SSH keys fingerprints found for user ubuntu.
<14>Apr 24 17:52:53 ec2: 
<14>Apr 24 17:52:53 ec2: #############################################################
<14>Apr 24 17:52:53 ec2: -----BEGIN SSH HOST KEY FINGERPRINTS-----
<14>Apr 24 17:52:53 ec2: 1024 SHA256:mvkhaE4ZM9Qree+xccxUnc5arRVWjpjqFBeA3HyzyJM root@ubuntu-xenial (DSA)
<14>Apr 24 17:52:53 ec2: 256 SHA256:uL3B6XdF6f2KmGE3tC8/33gS3mdonxKnX2z/bZZ6wxU root@ubuntu-xenial (ECDSA)
<14>Apr 24 17:52:53 ec2: 256 SHA256:ndEZNtNWhn4qATln6XZn3quXhALy9HzL1aKa9GFRex4 root@ubuntu-xenial (ED25519)
<14>Apr 24 17:52:53 ec2: 2048 SHA256:L5j3nMGAFV7sRhXO+RUIhWb83zLJauZFGmRx9dkeqog root@ubuntu-xenial (RSA)
<14>Apr 24 17:52:53 ec2: -----END SSH HOST KEY FINGERPRINTS-----
<14>Apr 24 17:52:53 ec2: #############################################################
-----BEGIN SSH HOST KEY KEYS-----
ecdsa-sha2-nistp256 AAAAE2VjZHNhLXNoYTItbmlzdHAyNTYAAAAIbmlzdHAyNTYAAABBBK9C+GBe/UjQikEjqTY0hnSjF7Y1FLJNi9KX32aMorgSpD+2ij3bgnJ9rxc+2bAk1WVo9WTFRIraaHUMn2yMMRU= root@ubuntu-xenial
ssh-ed25519 AAAAC3NzaC1lZDI1NTE5AAAAICJROBzCN7TFsYSVo6xJqrKS8G0e+ipoDDsoAw3vIn9t root@ubuntu-xenial
ssh-rsa AAAAB3NzaC1yc2EAAAADAQABAAABAQCqGd6u6tEls047A5Iqute+PHHMKs8+ZyC+3GI05kHc2nKJMYIhf5PuW5jCmhPoD3lIqMDduJL1+H9XabTOpmc3kr0X9HeUqTlor3vFlRS8TzwIBGgyZFR7KhVW8WR5iuB+sf9sHNBsiQx3+6VH7XMtm+OvMSLOisE7vGE683FHqdG/d3bNnu+hEcWeCJ5s8VZLf9AV0LCEHneI17GK/SSdzIvz11/bmzqnINAYUDcyXUi5vWoC6SeuAhRLx7rvBtNVLyFbvVjKY4eeYg+h+sEa9pf6qAn651Wyb6UOZvh0VAkxwIVRFOI/giBAos4iLfmQGWoFMMs0/O3johKRC4z7 root@ubuntu-xenial
-----END SSH HOST KEY KEYS-----
[   26.726040] cloud-init[1638]: Cloud-init v. 19.4-33-gbb4131a2-0ubuntu1~16.04.1 running 'modules:final' at Fri, 24 Apr 2020 17:52:53 +0000. Up 26.18 seconds.
[   26.726472] cloud-init[1638]: ci-info: no authorized SSH keys fingerprints found for user ubuntu.
[   26.727108] cloud-init[1638]: Cloud-init v. 19.4-33-gbb4131a2-0ubuntu1~16.04.1 finished at Fri, 24 Apr 2020 17:52:54 +0000. Datasource DataSourceNoCloud [seed=/dev/sdb][dsmode=net].  Up 26.68 seconds
